{"P:\\Projects\\Aptos\\API\\src\\helpers\\const.js": {"path":"P:\\Projects\\Aptos\\API\\src\\helpers\\const.js","statementMap":{"0":{"start":{"line":1,"column":28},"end":{"line":1,"column":53}}},"fnMap":{},"branchMap":{},"s":{"0":7},"f":{},"b":{},"_coverageSchema":"1a1c01bbd47fc00a2c39e90264f33305004495a9","hash":"16062b7f5c87e0e68beb698e888da974cfd177b7"}
,"P:\\Projects\\Aptos\\API\\src\\helpers\\hex-string.js": {"path":"P:\\Projects\\Aptos\\API\\src\\helpers\\hex-string.js","statementMap":{"0":{"start":{"line":4,"column":16},"end":{"line":4,"column":18}},"1":{"start":{"line":7,"column":8},"end":{"line":11,"column":9}},"2":{"start":{"line":8,"column":12},"end":{"line":8,"column":38}},"3":{"start":{"line":10,"column":12},"end":{"line":10,"column":45}},"4":{"start":{"line":15,"column":8},"end":{"line":15,"column":29}},"5":{"start":{"line":19,"column":8},"end":{"line":19,"column":91}},"6":{"start":{"line":23,"column":8},"end":{"line":23,"column":25}},"7":{"start":{"line":27,"column":8},"end":{"line":27,"column":50}},"8":{"start":{"line":31,"column":8},"end":{"line":31,"column":47}},"9":{"start":{"line":35,"column":0},"end":{"line":35,"column":83}},"10":{"start":{"line":35,"column":33},"end":{"line":35,"column":83}},"11":{"start":{"line":36,"column":0},"end":{"line":36,"column":76}},"12":{"start":{"line":36,"column":34},"end":{"line":36,"column":76}},"13":{"start":{"line":37,"column":0},"end":{"line":37,"column":50}},"14":{"start":{"line":37,"column":23},"end":{"line":37,"column":50}},"15":{"start":{"line":39,"column":22},"end":{"line":39,"column":43}},"16":{"start":{"line":39,"column":27},"end":{"line":39,"column":43}}},"fnMap":{"0":{"name":"(anonymous_0)","decl":{"start":{"line":6,"column":4},"end":{"line":6,"column":5}},"loc":{"start":{"line":6,"column":27},"end":{"line":12,"column":5}},"line":6},"1":{"name":"(anonymous_1)","decl":{"start":{"line":14,"column":4},"end":{"line":14,"column":5}},"loc":{"start":{"line":14,"column":10},"end":{"line":16,"column":5}},"line":14},"2":{"name":"(anonymous_2)","decl":{"start":{"line":18,"column":4},"end":{"line":18,"column":5}},"loc":{"start":{"line":18,"column":15},"end":{"line":20,"column":5}},"line":18},"3":{"name":"(anonymous_3)","decl":{"start":{"line":22,"column":4},"end":{"line":22,"column":5}},"loc":{"start":{"line":22,"column":15},"end":{"line":24,"column":5}},"line":22},"4":{"name":"(anonymous_4)","decl":{"start":{"line":26,"column":4},"end":{"line":26,"column":5}},"loc":{"start":{"line":26,"column":15},"end":{"line":28,"column":5}},"line":26},"5":{"name":"(anonymous_5)","decl":{"start":{"line":30,"column":4},"end":{"line":30,"column":5}},"loc":{"start":{"line":30,"column":19},"end":{"line":32,"column":5}},"line":30},"6":{"name":"(anonymous_6)","decl":{"start":{"line":35,"column":23},"end":{"line":35,"column":24}},"loc":{"start":{"line":35,"column":33},"end":{"line":35,"column":83}},"line":35},"7":{"name":"(anonymous_7)","decl":{"start":{"line":36,"column":27},"end":{"line":36,"column":28}},"loc":{"start":{"line":36,"column":34},"end":{"line":36,"column":76}},"line":36},"8":{"name":"(anonymous_8)","decl":{"start":{"line":37,"column":18},"end":{"line":37,"column":19}},"loc":{"start":{"line":37,"column":23},"end":{"line":37,"column":50}},"line":37},"9":{"name":"(anonymous_9)","decl":{"start":{"line":39,"column":22},"end":{"line":39,"column":23}},"loc":{"start":{"line":39,"column":27},"end":{"line":39,"column":43}},"line":39}},"branchMap":{"0":{"loc":{"start":{"line":7,"column":8},"end":{"line":11,"column":9}},"type":"if","locations":[{"start":{"line":7,"column":8},"end":{"line":11,"column":9}},{"start":{"line":9,"column":15},"end":{"line":11,"column":9}}],"line":7},"1":{"loc":{"start":{"line":19,"column":15},"end":{"line":19,"column":91}},"type":"cond-expr","locations":[{"start":{"line":19,"column":51},"end":{"line":19,"column":74}},{"start":{"line":19,"column":77},"end":{"line":19,"column":91}}],"line":19}},"s":{"0":11,"1":11,"2":3,"3":8,"4":10,"5":1,"6":5,"7":0,"8":0,"9":8,"10":0,"11":8,"12":0,"13":8,"14":0,"15":8,"16":11},"f":{"0":11,"1":10,"2":1,"3":5,"4":0,"5":0,"6":0,"7":0,"8":0,"9":11},"b":{"0":[3,8],"1":[1,0]},"_coverageSchema":"1a1c01bbd47fc00a2c39e90264f33305004495a9","hash":"bb260a1360823f27b1dfe7c2046b93cc4cc15e6d"}
,"P:\\Projects\\Aptos\\API\\src\\helpers\\result.js": {"path":"P:\\Projects\\Aptos\\API\\src\\helpers\\result.js","statementMap":{"0":{"start":{"line":3,"column":8},"end":{"line":3,"column":20}},"1":{"start":{"line":4,"column":8},"end":{"line":4,"column":30}},"2":{"start":{"line":5,"column":8},"end":{"line":9,"column":9}},"3":{"start":{"line":6,"column":12},"end":{"line":6,"column":29}},"4":{"start":{"line":8,"column":12},"end":{"line":8,"column":31}}},"fnMap":{"0":{"name":"(anonymous_0)","decl":{"start":{"line":2,"column":4},"end":{"line":2,"column":5}},"loc":{"start":{"line":2,"column":35},"end":{"line":10,"column":5}},"line":2}},"branchMap":{"0":{"loc":{"start":{"line":5,"column":8},"end":{"line":9,"column":9}},"type":"if","locations":[{"start":{"line":5,"column":8},"end":{"line":9,"column":9}},{"start":{"line":7,"column":15},"end":{"line":9,"column":9}}],"line":5}},"s":{"0":19,"1":19,"2":19,"3":1,"4":18},"f":{"0":19},"b":{"0":[1,18]},"_coverageSchema":"1a1c01bbd47fc00a2c39e90264f33305004495a9","hash":"a247d401f4794acd4335085d5f585dac2300c32a"}
}
