{"P:\\Projects\\Aptos\\API\\src\\index.js": {"path":"P:\\Projects\\Aptos\\API\\src\\index.js","statementMap":{"0":{"start":{"line":14,"column":0},"end":{"line":14,"column":101}}},"fnMap":{},"branchMap":{},"s":{"0":7},"f":{},"b":{},"_coverageSchema":"1a1c01bbd47fc00a2c39e90264f33305004495a9","hash":"3a4eaa1550d5c499cfb63821741611606c346ff6"}
,"P:\\Projects\\Aptos\\API\\src\\account\\index.js": {"path":"P:\\Projects\\Aptos\\API\\src\\account\\index.js","statementMap":{"0":{"start":{"line":6,"column":15},"end":{"line":6,"column":19}},"1":{"start":{"line":7,"column":19},"end":{"line":7,"column":23}},"2":{"start":{"line":10,"column":17},"end":{"line":10,"column":19}},"3":{"start":{"line":11,"column":21},"end":{"line":11,"column":23}},"4":{"start":{"line":12,"column":21},"end":{"line":12,"column":23}},"5":{"start":{"line":15,"column":8},"end":{"line":22,"column":9}},"6":{"start":{"line":16,"column":12},"end":{"line":18,"column":13}},"7":{"start":{"line":17,"column":16},"end":{"line":17,"column":76}},"8":{"start":{"line":19,"column":12},"end":{"line":19,"column":76}},"9":{"start":{"line":21,"column":12},"end":{"line":21,"column":44}},"10":{"start":{"line":23,"column":8},"end":{"line":23,"column":69}},"11":{"start":{"line":27,"column":8},"end":{"line":27,"column":82}},"12":{"start":{"line":31,"column":8},"end":{"line":31,"column":34}},"13":{"start":{"line":35,"column":8},"end":{"line":40,"column":9}},"14":{"start":{"line":36,"column":23},"end":{"line":36,"column":40}},"15":{"start":{"line":37,"column":12},"end":{"line":37,"column":63}},"16":{"start":{"line":38,"column":12},"end":{"line":38,"column":31}},"17":{"start":{"line":39,"column":12},"end":{"line":39,"column":44}},"18":{"start":{"line":41,"column":8},"end":{"line":41,"column":34}},"19":{"start":{"line":45,"column":8},"end":{"line":45,"column":88}},"20":{"start":{"line":49,"column":26},"end":{"line":49,"column":65}},"21":{"start":{"line":50,"column":8},"end":{"line":50,"column":87}},"22":{"start":{"line":54,"column":23},"end":{"line":54,"column":51}},"23":{"start":{"line":55,"column":8},"end":{"line":55,"column":39}},"24":{"start":{"line":59,"column":23},"end":{"line":59,"column":44}},"25":{"start":{"line":60,"column":8},"end":{"line":60,"column":39}},"26":{"start":{"line":64,"column":8},"end":{"line":64,"column":51}},"27":{"start":{"line":68,"column":8},"end":{"line":68,"column":63}},"28":{"start":{"line":72,"column":8},"end":{"line":76,"column":10}},"29":{"start":{"line":80,"column":0},"end":{"line":80,"column":46}},"30":{"start":{"line":80,"column":29},"end":{"line":80,"column":46}},"31":{"start":{"line":81,"column":0},"end":{"line":81,"column":77}},"32":{"start":{"line":81,"column":40},"end":{"line":81,"column":77}},"33":{"start":{"line":82,"column":0},"end":{"line":82,"column":35}},"34":{"start":{"line":82,"column":23},"end":{"line":82,"column":35}},"35":{"start":{"line":83,"column":0},"end":{"line":93,"column":1}},"36":{"start":{"line":84,"column":4},"end":{"line":92,"column":5}},"37":{"start":{"line":85,"column":8},"end":{"line":85,"column":26}},"38":{"start":{"line":86,"column":11},"end":{"line":92,"column":5}},"39":{"start":{"line":87,"column":8},"end":{"line":87,"column":35}},"40":{"start":{"line":88,"column":11},"end":{"line":92,"column":5}},"41":{"start":{"line":89,"column":8},"end":{"line":89,"column":43}},"42":{"start":{"line":91,"column":8},"end":{"line":91,"column":78}},"43":{"start":{"line":95,"column":23},"end":{"line":95,"column":56}},"44":{"start":{"line":95,"column":36},"end":{"line":95,"column":56}}},"fnMap":{"0":{"name":"(anonymous_0)","decl":{"start":{"line":14,"column":4},"end":{"line":14,"column":5}},"loc":{"start":{"line":14,"column":36},"end":{"line":24,"column":5}},"line":14},"1":{"name":"(anonymous_1)","decl":{"start":{"line":26,"column":4},"end":{"line":26,"column":5}},"loc":{"start":{"line":26,"column":16},"end":{"line":28,"column":5}},"line":26},"2":{"name":"(anonymous_2)","decl":{"start":{"line":30,"column":4},"end":{"line":30,"column":5}},"loc":{"start":{"line":30,"column":13},"end":{"line":32,"column":5}},"line":30},"3":{"name":"(anonymous_3)","decl":{"start":{"line":34,"column":4},"end":{"line":34,"column":5}},"loc":{"start":{"line":34,"column":13},"end":{"line":42,"column":5}},"line":34},"4":{"name":"(anonymous_4)","decl":{"start":{"line":44,"column":4},"end":{"line":44,"column":5}},"loc":{"start":{"line":44,"column":12},"end":{"line":46,"column":5}},"line":44},"5":{"name":"(anonymous_5)","decl":{"start":{"line":48,"column":4},"end":{"line":48,"column":5}},"loc":{"start":{"line":48,"column":22},"end":{"line":51,"column":5}},"line":48},"6":{"name":"(anonymous_6)","decl":{"start":{"line":53,"column":4},"end":{"line":53,"column":5}},"loc":{"start":{"line":53,"column":28},"end":{"line":56,"column":5}},"line":53},"7":{"name":"(anonymous_7)","decl":{"start":{"line":58,"column":4},"end":{"line":58,"column":5}},"loc":{"start":{"line":58,"column":33},"end":{"line":61,"column":5}},"line":58},"8":{"name":"(anonymous_8)","decl":{"start":{"line":63,"column":4},"end":{"line":63,"column":5}},"loc":{"start":{"line":63,"column":19},"end":{"line":65,"column":5}},"line":63},"9":{"name":"(anonymous_9)","decl":{"start":{"line":67,"column":4},"end":{"line":67,"column":5}},"loc":{"start":{"line":67,"column":10},"end":{"line":69,"column":5}},"line":67},"10":{"name":"(anonymous_10)","decl":{"start":{"line":71,"column":4},"end":{"line":71,"column":5}},"loc":{"start":{"line":71,"column":15},"end":{"line":77,"column":5}},"line":71},"11":{"name":"(anonymous_11)","decl":{"start":{"line":80,"column":19},"end":{"line":80,"column":20}},"loc":{"start":{"line":80,"column":29},"end":{"line":80,"column":46}},"line":80},"12":{"name":"(anonymous_12)","decl":{"start":{"line":81,"column":21},"end":{"line":81,"column":22}},"loc":{"start":{"line":81,"column":40},"end":{"line":81,"column":77}},"line":81},"13":{"name":"(anonymous_13)","decl":{"start":{"line":82,"column":15},"end":{"line":82,"column":16}},"loc":{"start":{"line":82,"column":23},"end":{"line":82,"column":35}},"line":82},"14":{"name":"(anonymous_14)","decl":{"start":{"line":83,"column":14},"end":{"line":83,"column":15}},"loc":{"start":{"line":83,"column":19},"end":{"line":93,"column":1}},"line":83},"15":{"name":"(anonymous_15)","decl":{"start":{"line":95,"column":23},"end":{"line":95,"column":24}},"loc":{"start":{"line":95,"column":36},"end":{"line":95,"column":56}},"line":95}},"branchMap":{"0":{"loc":{"start":{"line":15,"column":8},"end":{"line":22,"column":9}},"type":"if","locations":[{"start":{"line":15,"column":8},"end":{"line":22,"column":9}},{"start":{"line":20,"column":15},"end":{"line":22,"column":9}}],"line":15},"1":{"loc":{"start":{"line":16,"column":12},"end":{"line":18,"column":13}},"type":"if","locations":[{"start":{"line":16,"column":12},"end":{"line":18,"column":13}},{"start":{},"end":{}}],"line":16},"2":{"loc":{"start":{"line":23,"column":37},"end":{"line":23,"column":62}},"type":"binary-expr","locations":[{"start":{"line":23,"column":37},"end":{"line":23,"column":44}},{"start":{"line":23,"column":48},"end":{"line":23,"column":62}}],"line":23},"3":{"loc":{"start":{"line":35,"column":8},"end":{"line":40,"column":9}},"type":"if","locations":[{"start":{"line":35,"column":8},"end":{"line":40,"column":9}},{"start":{},"end":{}}],"line":35},"4":{"loc":{"start":{"line":58,"column":20},"end":{"line":58,"column":32}},"type":"default-arg","locations":[{"start":{"line":58,"column":26},"end":{"line":58,"column":32}}],"line":58},"5":{"loc":{"start":{"line":84,"column":4},"end":{"line":92,"column":5}},"type":"if","locations":[{"start":{"line":84,"column":4},"end":{"line":92,"column":5}},{"start":{"line":86,"column":11},"end":{"line":92,"column":5}}],"line":84},"6":{"loc":{"start":{"line":86,"column":11},"end":{"line":92,"column":5}},"type":"if","locations":[{"start":{"line":86,"column":11},"end":{"line":92,"column":5}},{"start":{"line":88,"column":11},"end":{"line":92,"column":5}}],"line":86},"7":{"loc":{"start":{"line":88,"column":11},"end":{"line":92,"column":5}},"type":"if","locations":[{"start":{"line":88,"column":11},"end":{"line":92,"column":5}},{"start":{"line":90,"column":11},"end":{"line":92,"column":5}}],"line":88},"8":{"loc":{"start":{"line":88,"column":15},"end":{"line":88,"column":49}},"type":"binary-expr","locations":[{"start":{"line":88,"column":15},"end":{"line":88,"column":36}},{"start":{"line":88,"column":40},"end":{"line":88,"column":49}}],"line":88}},"s":{"0":8,"1":8,"2":5,"3":5,"4":5,"5":5,"6":0,"7":0,"8":0,"9":5,"10":5,"11":3,"12":9,"13":5,"14":5,"15":5,"16":5,"17":5,"18":5,"19":3,"20":0,"21":0,"22":0,"23":0,"24":0,"25":0,"26":0,"27":0,"28":3,"29":8,"30":0,"31":8,"32":0,"33":8,"34":0,"35":8,"36":2,"37":0,"38":2,"39":1,"40":1,"41":1,"42":0,"43":8,"44":4},"f":{"0":5,"1":3,"2":9,"3":5,"4":3,"5":0,"6":0,"7":0,"8":0,"9":0,"10":3,"11":0,"12":0,"13":0,"14":2,"15":4},"b":{"0":[0,5],"1":[0,0],"2":[5,5],"3":[5,0],"4":[0],"5":[0,2],"6":[1,1],"7":[1,0],"8":[1,1]},"_coverageSchema":"1a1c01bbd47fc00a2c39e90264f33305004495a9","hash":"cd516e6dc0a30e273891a377573c3d24a73972da"}
,"P:\\Projects\\Aptos\\API\\src\\api\\faucet.js": {"path":"P:\\Projects\\Aptos\\API\\src\\api\\faucet.js","statementMap":{"0":{"start":{"line":7,"column":8},"end":{"line":7,"column":22}},"1":{"start":{"line":8,"column":8},"end":{"line":8,"column":22}},"2":{"start":{"line":12,"column":21},"end":{"line":12,"column":88}},"3":{"start":{"line":13,"column":25},"end":{"line":13,"column":60}},"4":{"start":{"line":14,"column":23},"end":{"line":14,"column":44}},"5":{"start":{"line":16,"column":8},"end":{"line":18,"column":9}},"6":{"start":{"line":17,"column":12},"end":{"line":17,"column":97}},"7":{"start":{"line":20,"column":23},"end":{"line":20,"column":29}},"8":{"start":{"line":21,"column":25},"end":{"line":21,"column":27}},"9":{"start":{"line":23,"column":8},"end":{"line":23,"column":44}},"10":{"start":{"line":25,"column":8},"end":{"line":28,"column":9}},"11":{"start":{"line":26,"column":12},"end":{"line":26,"column":29}},"12":{"start":{"line":27,"column":12},"end":{"line":27,"column":60}},"13":{"start":{"line":30,"column":8},"end":{"line":30,"column":35}},"14":{"start":{"line":32,"column":8},"end":{"line":32,"column":45}}},"fnMap":{"0":{"name":"(anonymous_0)","decl":{"start":{"line":6,"column":4},"end":{"line":6,"column":5}},"loc":{"start":{"line":6,"column":26},"end":{"line":9,"column":5}},"line":6},"1":{"name":"(anonymous_1)","decl":{"start":{"line":11,"column":4},"end":{"line":11,"column":5}},"loc":{"start":{"line":11,"column":38},"end":{"line":33,"column":5}},"line":11}},"branchMap":{"0":{"loc":{"start":{"line":16,"column":8},"end":{"line":18,"column":9}},"type":"if","locations":[{"start":{"line":16,"column":8},"end":{"line":18,"column":9}},{"start":{},"end":{}}],"line":16},"1":{"loc":{"start":{"line":17,"column":37},"end":{"line":17,"column":88}},"type":"cond-expr","locations":[{"start":{"line":17,"column":54},"end":{"line":17,"column":68}},{"start":{"line":17,"column":71},"end":{"line":17,"column":88}}],"line":17}},"s":{"0":0,"1":0,"2":0,"3":0,"4":0,"5":0,"6":0,"7":0,"8":0,"9":0,"10":0,"11":0,"12":0,"13":0,"14":0},"f":{"0":0,"1":0},"b":{"0":[0,0],"1":[0,0]},"_coverageSchema":"1a1c01bbd47fc00a2c39e90264f33305004495a9","hash":"b89091bfda5dcf9046437f4ce3b4c55bc2b26ad9"}
,"P:\\Projects\\Aptos\\API\\src\\api\\index.js": {"path":"P:\\Projects\\Aptos\\API\\src\\api\\index.js","statementMap":{"0":{"start":{"line":5,"column":14},"end":{"line":5,"column":16}},"1":{"start":{"line":6,"column":18},"end":{"line":6,"column":22}},"2":{"start":{"line":9,"column":8},"end":{"line":9,"column":22}},"3":{"start":{"line":10,"column":8},"end":{"line":10,"column":44}},"4":{"start":{"line":11,"column":8},"end":{"line":11,"column":36}},"5":{"start":{"line":15,"column":8},"end":{"line":15,"column":48}},"6":{"start":{"line":19,"column":25},"end":{"line":19,"column":27}},"7":{"start":{"line":21,"column":8},"end":{"line":26,"column":9}},"8":{"start":{"line":22,"column":12},"end":{"line":24,"column":13}},"9":{"start":{"line":23,"column":16},"end":{"line":23,"column":80}},"10":{"start":{"line":23,"column":41},"end":{"line":23,"column":80}},"11":{"start":{"line":25,"column":12},"end":{"line":25,"column":46}},"12":{"start":{"line":28,"column":8},"end":{"line":28,"column":81}},"13":{"start":{"line":30,"column":25},"end":{"line":30,"column":63}},"14":{"start":{"line":31,"column":28},"end":{"line":31,"column":64}},"15":{"start":{"line":32,"column":23},"end":{"line":32,"column":105}},"16":{"start":{"line":34,"column":8},"end":{"line":36,"column":9}},"17":{"start":{"line":35,"column":12},"end":{"line":35,"column":97}},"18":{"start":{"line":38,"column":8},"end":{"line":38,"column":45}},"19":{"start":{"line":42,"column":8},"end":{"line":42,"column":31}},"20":{"start":{"line":46,"column":8},"end":{"line":48,"column":10}},"21":{"start":{"line":47,"column":12},"end":{"line":47,"column":39}},"22":{"start":{"line":52,"column":8},"end":{"line":52,"column":27}},"23":{"start":{"line":56,"column":0},"end":{"line":56,"column":62}},"24":{"start":{"line":56,"column":24},"end":{"line":56,"column":62}},"25":{"start":{"line":58,"column":21},"end":{"line":58,"column":52}},"26":{"start":{"line":58,"column":34},"end":{"line":58,"column":52}}},"fnMap":{"0":{"name":"(anonymous_0)","decl":{"start":{"line":8,"column":4},"end":{"line":8,"column":5}},"loc":{"start":{"line":8,"column":50},"end":{"line":12,"column":5}},"line":8},"1":{"name":"(anonymous_1)","decl":{"start":{"line":14,"column":4},"end":{"line":14,"column":5}},"loc":{"start":{"line":14,"column":10},"end":{"line":16,"column":5}},"line":14},"2":{"name":"(anonymous_2)","decl":{"start":{"line":18,"column":4},"end":{"line":18,"column":5}},"loc":{"start":{"line":18,"column":89},"end":{"line":39,"column":5}},"line":18},"3":{"name":"(anonymous_3)","decl":{"start":{"line":41,"column":4},"end":{"line":41,"column":5}},"loc":{"start":{"line":41,"column":20},"end":{"line":43,"column":5}},"line":41},"4":{"name":"(anonymous_4)","decl":{"start":{"line":45,"column":4},"end":{"line":45,"column":5}},"loc":{"start":{"line":45,"column":24},"end":{"line":49,"column":5}},"line":45},"5":{"name":"(anonymous_5)","decl":{"start":{"line":46,"column":27},"end":{"line":46,"column":28}},"loc":{"start":{"line":46,"column":40},"end":{"line":48,"column":9}},"line":46},"6":{"name":"(anonymous_6)","decl":{"start":{"line":51,"column":4},"end":{"line":51,"column":5}},"loc":{"start":{"line":51,"column":17},"end":{"line":53,"column":5}},"line":51},"7":{"name":"(anonymous_7)","decl":{"start":{"line":56,"column":12},"end":{"line":56,"column":13}},"loc":{"start":{"line":56,"column":24},"end":{"line":56,"column":62}},"line":56},"8":{"name":"(anonymous_8)","decl":{"start":{"line":58,"column":21},"end":{"line":58,"column":22}},"loc":{"start":{"line":58,"column":34},"end":{"line":58,"column":52}},"line":58}},"branchMap":{"0":{"loc":{"start":{"line":8,"column":16},"end":{"line":8,"column":24}},"type":"default-arg","locations":[{"start":{"line":8,"column":22},"end":{"line":8,"column":24}}],"line":8},"1":{"loc":{"start":{"line":8,"column":26},"end":{"line":8,"column":38}},"type":"default-arg","locations":[{"start":{"line":8,"column":36},"end":{"line":8,"column":38}}],"line":8},"2":{"loc":{"start":{"line":8,"column":40},"end":{"line":8,"column":48}},"type":"default-arg","locations":[{"start":{"line":8,"column":46},"end":{"line":8,"column":48}}],"line":8},"3":{"loc":{"start":{"line":15,"column":15},"end":{"line":15,"column":48}},"type":"cond-expr","locations":[{"start":{"line":15,"column":36},"end":{"line":15,"column":37}},{"start":{"line":15,"column":40},"end":{"line":15,"column":48}}],"line":15},"4":{"loc":{"start":{"line":18,"column":16},"end":{"line":18,"column":26}},"type":"default-arg","locations":[{"start":{"line":18,"column":23},"end":{"line":18,"column":26}}],"line":18},"5":{"loc":{"start":{"line":18,"column":28},"end":{"line":18,"column":40}},"type":"default-arg","locations":[{"start":{"line":18,"column":36},"end":{"line":18,"column":40}}],"line":18},"6":{"loc":{"start":{"line":18,"column":42},"end":{"line":18,"column":67}},"type":"default-arg","locations":[{"start":{"line":18,"column":52},"end":{"line":18,"column":67}}],"line":18},"7":{"loc":{"start":{"line":18,"column":69},"end":{"line":18,"column":88}},"type":"default-arg","locations":[{"start":{"line":18,"column":82},"end":{"line":18,"column":88}}],"line":18},"8":{"loc":{"start":{"line":21,"column":8},"end":{"line":26,"column":9}},"type":"if","locations":[{"start":{"line":21,"column":8},"end":{"line":26,"column":9}},{"start":{},"end":{}}],"line":21},"9":{"loc":{"start":{"line":21,"column":12},"end":{"line":21,"column":46}},"type":"binary-expr","locations":[{"start":{"line":21,"column":12},"end":{"line":21,"column":17}},{"start":{"line":21,"column":21},"end":{"line":21,"column":46}}],"line":21},"10":{"loc":{"start":{"line":23,"column":16},"end":{"line":23,"column":80}},"type":"if","locations":[{"start":{"line":23,"column":16},"end":{"line":23,"column":80}},{"start":{},"end":{}}],"line":23},"11":{"loc":{"start":{"line":28,"column":41},"end":{"line":28,"column":79}},"type":"cond-expr","locations":[{"start":{"line":28,"column":64},"end":{"line":28,"column":68}},{"start":{"line":28,"column":71},"end":{"line":28,"column":79}}],"line":28},"12":{"loc":{"start":{"line":32,"column":23},"end":{"line":32,"column":105}},"type":"cond-expr","locations":[{"start":{"line":32,"column":60},"end":{"line":32,"column":81}},{"start":{"line":32,"column":84},"end":{"line":32,"column":105}}],"line":32},"13":{"loc":{"start":{"line":34,"column":8},"end":{"line":36,"column":9}},"type":"if","locations":[{"start":{"line":34,"column":8},"end":{"line":36,"column":9}},{"start":{},"end":{}}],"line":34},"14":{"loc":{"start":{"line":35,"column":37},"end":{"line":35,"column":88}},"type":"cond-expr","locations":[{"start":{"line":35,"column":54},"end":{"line":35,"column":68}},{"start":{"line":35,"column":71},"end":{"line":35,"column":88}}],"line":35}},"s":{"0":6,"1":6,"2":6,"3":6,"4":6,"5":5,"6":14,"7":14,"8":2,"9":4,"10":4,"11":2,"12":14,"13":14,"14":14,"15":14,"16":14,"17":1,"18":13,"19":0,"20":0,"21":0,"22":1,"23":7,"24":7,"25":7,"26":1},"f":{"0":6,"1":5,"2":14,"3":0,"4":0,"5":0,"6":1,"7":7,"8":1},"b":{"0":[0],"1":[6],"2":[6],"3":[4,1],"4":[1],"5":[12],"6":[14],"7":[13],"8":[2,12],"9":[14,2],"10":[4,0],"11":[14,0],"12":[13,1],"13":[1,13],"14":[1,0]},"_coverageSchema":"1a1c01bbd47fc00a2c39e90264f33305004495a9","hash":"6377dadbb3e98d66a1664d4e39c490c8b4c9fd05"}
,"P:\\Projects\\Aptos\\API\\src\\api\\ext\\account.js": {"path":"P:\\Projects\\Aptos\\API\\src\\api\\ext\\account.js","statementMap":{"0":{"start":{"line":4,"column":26},"end":{"line":58,"column":1}},"1":{"start":{"line":6,"column":8},"end":{"line":6,"column":59}},"2":{"start":{"line":10,"column":8},"end":{"line":10,"column":69}},"3":{"start":{"line":14,"column":8},"end":{"line":14,"column":80}},"4":{"start":{"line":18,"column":8},"end":{"line":18,"column":67}},"5":{"start":{"line":22,"column":8},"end":{"line":22,"column":76}},"6":{"start":{"line":26,"column":8},"end":{"line":26,"column":51}},"7":{"start":{"line":36,"column":25},"end":{"line":36,"column":102}},"8":{"start":{"line":37,"column":8},"end":{"line":39,"column":9}},"9":{"start":{"line":38,"column":12},"end":{"line":38,"column":85}},"10":{"start":{"line":40,"column":8},"end":{"line":43,"column":10}},"11":{"start":{"line":47,"column":24},"end":{"line":55,"column":9}},"12":{"start":{"line":56,"column":8},"end":{"line":56,"column":54}}},"fnMap":{"0":{"name":"(anonymous_0)","decl":{"start":{"line":5,"column":4},"end":{"line":5,"column":5}},"loc":{"start":{"line":5,"column":23},"end":{"line":7,"column":5}},"line":5},"1":{"name":"(anonymous_1)","decl":{"start":{"line":9,"column":4},"end":{"line":9,"column":5}},"loc":{"start":{"line":9,"column":32},"end":{"line":11,"column":5}},"line":9},"2":{"name":"(anonymous_2)","decl":{"start":{"line":13,"column":4},"end":{"line":13,"column":5}},"loc":{"start":{"line":13,"column":41},"end":{"line":15,"column":5}},"line":13},"3":{"name":"(anonymous_3)","decl":{"start":{"line":17,"column":4},"end":{"line":17,"column":5}},"loc":{"start":{"line":17,"column":30},"end":{"line":19,"column":5}},"line":17},"4":{"name":"(anonymous_4)","decl":{"start":{"line":21,"column":4},"end":{"line":21,"column":5}},"loc":{"start":{"line":21,"column":37},"end":{"line":23,"column":5}},"line":21},"5":{"name":"(anonymous_5)","decl":{"start":{"line":25,"column":4},"end":{"line":25,"column":5}},"loc":{"start":{"line":25,"column":66},"end":{"line":27,"column":5}},"line":25},"6":{"name":"(anonymous_6)","decl":{"start":{"line":35,"column":4},"end":{"line":35,"column":5}},"loc":{"start":{"line":35,"column":63},"end":{"line":44,"column":5}},"line":35},"7":{"name":"(anonymous_7)","decl":{"start":{"line":46,"column":4},"end":{"line":46,"column":5}},"loc":{"start":{"line":46,"column":37},"end":{"line":57,"column":5}},"line":46}},"branchMap":{"0":{"loc":{"start":{"line":25,"column":36},"end":{"line":25,"column":65}},"type":"default-arg","locations":[{"start":{"line":25,"column":44},"end":{"line":25,"column":65}}],"line":25},"1":{"loc":{"start":{"line":35,"column":37},"end":{"line":35,"column":62}},"type":"default-arg","locations":[{"start":{"line":35,"column":50},"end":{"line":35,"column":62}}],"line":35},"2":{"loc":{"start":{"line":37,"column":8},"end":{"line":39,"column":9}},"type":"if","locations":[{"start":{"line":37,"column":8},"end":{"line":39,"column":9}},{"start":{},"end":{}}],"line":37}},"s":{"0":7,"1":2,"2":1,"3":1,"4":0,"5":0,"6":0,"7":1,"8":1,"9":0,"10":1,"11":0,"12":0},"f":{"0":2,"1":1,"2":1,"3":0,"4":0,"5":0,"6":1,"7":0},"b":{"0":[0],"1":[1],"2":[0,1]},"_coverageSchema":"1a1c01bbd47fc00a2c39e90264f33305004495a9","hash":"512fa290f145c64550a931d5634a9fdba18dec8b"}
,"P:\\Projects\\Aptos\\API\\src\\api\\ext\\coins.js": {"path":"P:\\Projects\\Aptos\\API\\src\\api\\ext\\coins.js","statementMap":{"0":{"start":{"line":4,"column":23},"end":{"line":76,"column":1}},"1":{"start":{"line":15,"column":24},"end":{"line":25,"column":9}},"2":{"start":{"line":27,"column":8},"end":{"line":27,"column":60}},"3":{"start":{"line":31,"column":24},"end":{"line":36,"column":9}},"4":{"start":{"line":38,"column":8},"end":{"line":38,"column":60}},"5":{"start":{"line":42,"column":24},"end":{"line":50,"column":9}},"6":{"start":{"line":52,"column":8},"end":{"line":52,"column":60}},"7":{"start":{"line":56,"column":24},"end":{"line":61,"column":9}},"8":{"start":{"line":63,"column":8},"end":{"line":63,"column":60}},"9":{"start":{"line":74,"column":8},"end":{"line":74,"column":70}}},"fnMap":{"0":{"name":"(anonymous_0)","decl":{"start":{"line":14,"column":4},"end":{"line":14,"column":5}},"loc":{"start":{"line":14,"column":73},"end":{"line":28,"column":5}},"line":14},"1":{"name":"(anonymous_1)","decl":{"start":{"line":30,"column":4},"end":{"line":30,"column":5}},"loc":{"start":{"line":30,"column":40},"end":{"line":39,"column":5}},"line":30},"2":{"name":"(anonymous_2)","decl":{"start":{"line":41,"column":4},"end":{"line":41,"column":5}},"loc":{"start":{"line":41,"column":65},"end":{"line":53,"column":5}},"line":41},"3":{"name":"(anonymous_3)","decl":{"start":{"line":55,"column":4},"end":{"line":55,"column":5}},"loc":{"start":{"line":55,"column":69},"end":{"line":64,"column":5}},"line":55},"4":{"name":"(anonymous_4)","decl":{"start":{"line":73,"column":4},"end":{"line":73,"column":5}},"loc":{"start":{"line":73,"column":48},"end":{"line":75,"column":5}},"line":73}},"branchMap":{"0":{"loc":{"start":{"line":14,"column":61},"end":{"line":14,"column":72}},"type":"default-arg","locations":[{"start":{"line":14,"column":71},"end":{"line":14,"column":72}}],"line":14},"1":{"loc":{"start":{"line":55,"column":37},"end":{"line":55,"column":47}},"type":"default-arg","locations":[{"start":{"line":55,"column":46},"end":{"line":55,"column":47}}],"line":55},"2":{"loc":{"start":{"line":55,"column":49},"end":{"line":55,"column":68}},"type":"default-arg","locations":[{"start":{"line":55,"column":56},"end":{"line":55,"column":68}}],"line":55}},"s":{"0":7,"1":0,"2":0,"3":0,"4":0,"5":0,"6":0,"7":0,"8":0,"9":0},"f":{"0":0,"1":0,"2":0,"3":0,"4":0},"b":{"0":[0],"1":[0],"2":[0]},"_coverageSchema":"1a1c01bbd47fc00a2c39e90264f33305004495a9","hash":"5e4624b83312dbcfe42f7674118fcd372bcbb05c"}
,"P:\\Projects\\Aptos\\API\\src\\api\\ext\\events.js": {"path":"P:\\Projects\\Aptos\\API\\src\\api\\ext\\events.js","statementMap":{"0":{"start":{"line":1,"column":24},"end":{"line":9,"column":1}},"1":{"start":{"line":3,"column":8},"end":{"line":3,"column":53}},"2":{"start":{"line":7,"column":8},"end":{"line":7,"column":96}}},"fnMap":{"0":{"name":"(anonymous_0)","decl":{"start":{"line":2,"column":4},"end":{"line":2,"column":5}},"loc":{"start":{"line":2,"column":18},"end":{"line":4,"column":5}},"line":2},"1":{"name":"(anonymous_1)","decl":{"start":{"line":6,"column":4},"end":{"line":6,"column":5}},"loc":{"start":{"line":6,"column":75},"end":{"line":8,"column":5}},"line":6}},"branchMap":{"0":{"loc":{"start":{"line":6,"column":45},"end":{"line":6,"column":74}},"type":"default-arg","locations":[{"start":{"line":6,"column":53},"end":{"line":6,"column":74}}],"line":6}},"s":{"0":7,"1":0,"2":0},"f":{"0":0,"1":0},"b":{"0":[0]},"_coverageSchema":"1a1c01bbd47fc00a2c39e90264f33305004495a9","hash":"0235592602981d8e0e1ea36af2a0ea8a98623d9c"}
,"P:\\Projects\\Aptos\\API\\src\\api\\ext\\gas.js": {"path":"P:\\Projects\\Aptos\\API\\src\\api\\ext\\gas.js","statementMap":{"0":{"start":{"line":1,"column":19},"end":{"line":19,"column":1}},"1":{"start":{"line":9,"column":8},"end":{"line":13,"column":9}},"2":{"start":{"line":10,"column":12},"end":{"line":12,"column":13}},"3":{"start":{"line":11,"column":16},"end":{"line":11,"column":38}},"4":{"start":{"line":17,"column":8},"end":{"line":17,"column":23}}},"fnMap":{"0":{"name":"(anonymous_0)","decl":{"start":{"line":8,"column":4},"end":{"line":8,"column":5}},"loc":{"start":{"line":8,"column":15},"end":{"line":14,"column":5}},"line":8},"1":{"name":"(anonymous_1)","decl":{"start":{"line":16,"column":4},"end":{"line":16,"column":5}},"loc":{"start":{"line":16,"column":12},"end":{"line":18,"column":5}},"line":16}},"branchMap":{"0":{"loc":{"start":{"line":10,"column":12},"end":{"line":12,"column":13}},"type":"if","locations":[{"start":{"line":10,"column":12},"end":{"line":12,"column":13}},{"start":{},"end":{}}],"line":10}},"s":{"0":7,"1":0,"2":0,"3":0,"4":0},"f":{"0":0,"1":0},"b":{"0":[0,0]},"_coverageSchema":"1a1c01bbd47fc00a2c39e90264f33305004495a9","hash":"f56539b6fbe1cb8c22b99b2d549804216c38e194"}
,"P:\\Projects\\Aptos\\API\\src\\api\\ext\\modules.js": {"path":"P:\\Projects\\Aptos\\API\\src\\api\\ext\\modules.js","statementMap":{"0":{"start":{"line":1,"column":25},"end":{"line":11,"column":1}},"1":{"start":{"line":3,"column":24},"end":{"line":8,"column":9}},"2":{"start":{"line":9,"column":8},"end":{"line":9,"column":54}}},"fnMap":{"0":{"name":"(anonymous_0)","decl":{"start":{"line":2,"column":4},"end":{"line":2,"column":5}},"loc":{"start":{"line":2,"column":36},"end":{"line":10,"column":5}},"line":2}},"branchMap":{},"s":{"0":7,"1":0,"2":0},"f":{"0":0},"b":{},"_coverageSchema":"1a1c01bbd47fc00a2c39e90264f33305004495a9","hash":"71532f158a8be805f81b07057b1493382057e5d2"}
,"P:\\Projects\\Aptos\\API\\src\\api\\ext\\node.js": {"path":"P:\\Projects\\Aptos\\API\\src\\api\\ext\\node.js","statementMap":{"0":{"start":{"line":3,"column":23},"end":{"line":43,"column":1}},"1":{"start":{"line":5,"column":8},"end":{"line":5,"column":75}},"2":{"start":{"line":9,"column":8},"end":{"line":9,"column":36}},"3":{"start":{"line":13,"column":23},"end":{"line":13,"column":45}},"4":{"start":{"line":14,"column":8},"end":{"line":16,"column":9}},"5":{"start":{"line":15,"column":12},"end":{"line":15,"column":70}},"6":{"start":{"line":17,"column":8},"end":{"line":17,"column":63}},"7":{"start":{"line":21,"column":23},"end":{"line":21,"column":45}},"8":{"start":{"line":22,"column":8},"end":{"line":24,"column":9}},"9":{"start":{"line":23,"column":12},"end":{"line":23,"column":70}},"10":{"start":{"line":25,"column":8},"end":{"line":25,"column":69}},"11":{"start":{"line":29,"column":23},"end":{"line":29,"column":45}},"12":{"start":{"line":30,"column":8},"end":{"line":32,"column":9}},"13":{"start":{"line":31,"column":12},"end":{"line":31,"column":70}},"14":{"start":{"line":33,"column":8},"end":{"line":33,"column":60}},"15":{"start":{"line":37,"column":23},"end":{"line":37,"column":45}},"16":{"start":{"line":38,"column":8},"end":{"line":40,"column":9}},"17":{"start":{"line":39,"column":12},"end":{"line":39,"column":70}},"18":{"start":{"line":41,"column":8},"end":{"line":41,"column":71}}},"fnMap":{"0":{"name":"(anonymous_0)","decl":{"start":{"line":4,"column":4},"end":{"line":4,"column":5}},"loc":{"start":{"line":4,"column":22},"end":{"line":6,"column":5}},"line":4},"1":{"name":"(anonymous_1)","decl":{"start":{"line":8,"column":4},"end":{"line":8,"column":5}},"loc":{"start":{"line":8,"column":21},"end":{"line":10,"column":5}},"line":8},"2":{"name":"(anonymous_2)","decl":{"start":{"line":12,"column":4},"end":{"line":12,"column":5}},"loc":{"start":{"line":12,"column":22},"end":{"line":18,"column":5}},"line":12},"3":{"name":"(anonymous_3)","decl":{"start":{"line":20,"column":4},"end":{"line":20,"column":5}},"loc":{"start":{"line":20,"column":22},"end":{"line":26,"column":5}},"line":20},"4":{"name":"(anonymous_4)","decl":{"start":{"line":28,"column":4},"end":{"line":28,"column":5}},"loc":{"start":{"line":28,"column":20},"end":{"line":34,"column":5}},"line":28},"5":{"name":"(anonymous_5)","decl":{"start":{"line":36,"column":4},"end":{"line":36,"column":5}},"loc":{"start":{"line":36,"column":24},"end":{"line":42,"column":5}},"line":36}},"branchMap":{"0":{"loc":{"start":{"line":14,"column":8},"end":{"line":16,"column":9}},"type":"if","locations":[{"start":{"line":14,"column":8},"end":{"line":16,"column":9}},{"start":{},"end":{}}],"line":14},"1":{"loc":{"start":{"line":22,"column":8},"end":{"line":24,"column":9}},"type":"if","locations":[{"start":{"line":22,"column":8},"end":{"line":24,"column":9}},{"start":{},"end":{}}],"line":22},"2":{"loc":{"start":{"line":30,"column":8},"end":{"line":32,"column":9}},"type":"if","locations":[{"start":{"line":30,"column":8},"end":{"line":32,"column":9}},{"start":{},"end":{}}],"line":30},"3":{"loc":{"start":{"line":38,"column":8},"end":{"line":40,"column":9}},"type":"if","locations":[{"start":{"line":38,"column":8},"end":{"line":40,"column":9}},{"start":{},"end":{}}],"line":38}},"s":{"0":7,"1":1,"2":5,"3":1,"4":1,"5":0,"6":1,"7":1,"8":1,"9":0,"10":1,"11":1,"12":1,"13":0,"14":1,"15":1,"16":1,"17":0,"18":1},"f":{"0":1,"1":5,"2":1,"3":1,"4":1,"5":1},"b":{"0":[0,1],"1":[0,1],"2":[0,1],"3":[0,1]},"_coverageSchema":"1a1c01bbd47fc00a2c39e90264f33305004495a9","hash":"a1037c7b45186d7199c2bf9511f1d4557df32c13"}
,"P:\\Projects\\Aptos\\API\\src\\api\\ext\\table.js": {"path":"P:\\Projects\\Aptos\\API\\src\\api\\ext\\table.js","statementMap":{"0":{"start":{"line":1,"column":24},"end":{"line":5,"column":1}},"1":{"start":{"line":3,"column":8},"end":{"line":3,"column":72}}},"fnMap":{"0":{"name":"(anonymous_0)","decl":{"start":{"line":2,"column":4},"end":{"line":2,"column":5}},"loc":{"start":{"line":2,"column":21},"end":{"line":4,"column":5}},"line":2}},"branchMap":{},"s":{"0":7,"1":0},"f":{"0":0},"b":{},"_coverageSchema":"1a1c01bbd47fc00a2c39e90264f33305004495a9","hash":"aab814962e32288f0021e47d051ec00726ce53bd"}
,"P:\\Projects\\Aptos\\API\\src\\api\\ext\\tokens.js": {"path":"P:\\Projects\\Aptos\\API\\src\\api\\ext\\tokens.js","statementMap":{"0":{"start":{"line":1,"column":24},"end":{"line":3,"column":1}}},"fnMap":{},"branchMap":{},"s":{"0":7},"f":{},"b":{},"_coverageSchema":"1a1c01bbd47fc00a2c39e90264f33305004495a9","hash":"95686a2bcc98c29b103f4dca487196072248c66a"}
,"P:\\Projects\\Aptos\\API\\src\\api\\ext\\transactions.js": {"path":"P:\\Projects\\Aptos\\API\\src\\api\\ext\\transactions.js","statementMap":{"0":{"start":{"line":4,"column":15},"end":{"line":4,"column":19}},"1":{"start":{"line":6,"column":30},"end":{"line":126,"column":1}},"2":{"start":{"line":10,"column":29},"end":{"line":10,"column":50}},"3":{"start":{"line":12,"column":8},"end":{"line":18,"column":9}},"4":{"start":{"line":13,"column":12},"end":{"line":13,"column":31}},"5":{"start":{"line":14,"column":12},"end":{"line":14,"column":32}},"6":{"start":{"line":16,"column":8},"end":{"line":18,"column":9}},"7":{"start":{"line":17,"column":12},"end":{"line":17,"column":34}},"8":{"start":{"line":20,"column":21},"end":{"line":20,"column":84}},"9":{"start":{"line":22,"column":8},"end":{"line":22,"column":38}},"10":{"start":{"line":26,"column":8},"end":{"line":26,"column":50}},"11":{"start":{"line":32,"column":8},"end":{"line":32,"column":74}},"12":{"start":{"line":34,"column":8},"end":{"line":36,"column":9}},"13":{"start":{"line":35,"column":12},"end":{"line":35,"column":26}},"14":{"start":{"line":38,"column":8},"end":{"line":46,"column":9}},"15":{"start":{"line":50,"column":8},"end":{"line":54,"column":10}},"16":{"start":{"line":58,"column":30},"end":{"line":58,"column":70}},"17":{"start":{"line":60,"column":8},"end":{"line":62,"column":9}},"18":{"start":{"line":61,"column":12},"end":{"line":61,"column":85}},"19":{"start":{"line":64,"column":23},"end":{"line":64,"column":85}},"20":{"start":{"line":65,"column":26},"end":{"line":65,"column":67}},"21":{"start":{"line":66,"column":29},"end":{"line":66,"column":81}},"22":{"start":{"line":68,"column":8},"end":{"line":72,"column":9}},"23":{"start":{"line":74,"column":8},"end":{"line":74,"column":22}},"24":{"start":{"line":78,"column":8},"end":{"line":82,"column":10}},"25":{"start":{"line":86,"column":25},"end":{"line":86,"column":56}},"26":{"start":{"line":87,"column":8},"end":{"line":89,"column":9}},"27":{"start":{"line":88,"column":12},"end":{"line":88,"column":23}},"28":{"start":{"line":90,"column":8},"end":{"line":90,"column":52}},"29":{"start":{"line":90,"column":31},"end":{"line":90,"column":52}},"30":{"start":{"line":91,"column":8},"end":{"line":91,"column":62}},"31":{"start":{"line":95,"column":20},"end":{"line":95,"column":21}},"32":{"start":{"line":96,"column":8},"end":{"line":102,"column":9}},"33":{"start":{"line":97,"column":12},"end":{"line":97,"column":34}},"34":{"start":{"line":98,"column":12},"end":{"line":98,"column":22}},"35":{"start":{"line":99,"column":12},"end":{"line":101,"column":13}},"36":{"start":{"line":100,"column":16},"end":{"line":100,"column":77}},"37":{"start":{"line":106,"column":28},"end":{"line":106,"column":77}},"38":{"start":{"line":107,"column":34},"end":{"line":107,"column":76}},"39":{"start":{"line":108,"column":23},"end":{"line":108,"column":74}},"40":{"start":{"line":110,"column":8},"end":{"line":112,"column":9}},"41":{"start":{"line":111,"column":12},"end":{"line":111,"column":81}},"42":{"start":{"line":114,"column":8},"end":{"line":120,"column":9}},"43":{"start":{"line":115,"column":12},"end":{"line":115,"column":62}},"44":{"start":{"line":116,"column":12},"end":{"line":116,"column":81}},"45":{"start":{"line":117,"column":12},"end":{"line":117,"column":63}},"46":{"start":{"line":119,"column":12},"end":{"line":119,"column":56}},"47":{"start":{"line":124,"column":8},"end":{"line":124,"column":35}}},"fnMap":{"0":{"name":"(anonymous_0)","decl":{"start":{"line":9,"column":4},"end":{"line":9,"column":5}},"loc":{"start":{"line":9,"column":21},"end":{"line":23,"column":5}},"line":9},"1":{"name":"(anonymous_1)","decl":{"start":{"line":25,"column":4},"end":{"line":25,"column":5}},"loc":{"start":{"line":25,"column":24},"end":{"line":27,"column":5}},"line":25},"2":{"name":"(anonymous_2)","decl":{"start":{"line":29,"column":4},"end":{"line":29,"column":5}},"loc":{"start":{"line":29,"column":61},"end":{"line":47,"column":5}},"line":29},"3":{"name":"(anonymous_3)","decl":{"start":{"line":49,"column":4},"end":{"line":49,"column":5}},"loc":{"start":{"line":49,"column":42},"end":{"line":55,"column":5}},"line":49},"4":{"name":"(anonymous_4)","decl":{"start":{"line":57,"column":4},"end":{"line":57,"column":5}},"loc":{"start":{"line":57,"column":47},"end":{"line":75,"column":5}},"line":57},"5":{"name":"(anonymous_5)","decl":{"start":{"line":77,"column":4},"end":{"line":77,"column":5}},"loc":{"start":{"line":77,"column":31},"end":{"line":83,"column":5}},"line":77},"6":{"name":"(anonymous_6)","decl":{"start":{"line":85,"column":4},"end":{"line":85,"column":5}},"loc":{"start":{"line":85,"column":34},"end":{"line":92,"column":5}},"line":85},"7":{"name":"(anonymous_7)","decl":{"start":{"line":94,"column":4},"end":{"line":94,"column":5}},"loc":{"start":{"line":94,"column":35},"end":{"line":103,"column":5}},"line":94},"8":{"name":"(anonymous_8)","decl":{"start":{"line":105,"column":4},"end":{"line":105,"column":5}},"loc":{"start":{"line":105,"column":45},"end":{"line":121,"column":5}},"line":105},"9":{"name":"(anonymous_9)","decl":{"start":{"line":123,"column":4},"end":{"line":123,"column":5}},"loc":{"start":{"line":123,"column":24},"end":{"line":125,"column":5}},"line":123}},"branchMap":{"0":{"loc":{"start":{"line":12,"column":8},"end":{"line":18,"column":9}},"type":"if","locations":[{"start":{"line":12,"column":8},"end":{"line":18,"column":9}},{"start":{"line":16,"column":8},"end":{"line":18,"column":9}}],"line":12},"1":{"loc":{"start":{"line":12,"column":12},"end":{"line":12,"column":70}},"type":"binary-expr","locations":[{"start":{"line":12,"column":12},"end":{"line":12,"column":34}},{"start":{"line":12,"column":38},"end":{"line":12,"column":70}}],"line":12},"2":{"loc":{"start":{"line":16,"column":8},"end":{"line":18,"column":9}},"type":"if","locations":[{"start":{"line":16,"column":8},"end":{"line":18,"column":9}},{"start":{},"end":{}}],"line":16},"3":{"loc":{"start":{"line":16,"column":12},"end":{"line":16,"column":70}},"type":"binary-expr","locations":[{"start":{"line":16,"column":12},"end":{"line":16,"column":34}},{"start":{"line":16,"column":38},"end":{"line":16,"column":70}}],"line":16},"4":{"loc":{"start":{"line":20,"column":24},"end":{"line":20,"column":69}},"type":"cond-expr","locations":[{"start":{"line":20,"column":34},"end":{"line":20,"column":64}},{"start":{"line":20,"column":67},"end":{"line":20,"column":69}}],"line":20},"5":{"loc":{"start":{"line":29,"column":51},"end":{"line":29,"column":60}},"type":"default-arg","locations":[{"start":{"line":29,"column":57},"end":{"line":29,"column":60}}],"line":29},"6":{"loc":{"start":{"line":34,"column":8},"end":{"line":36,"column":9}},"type":"if","locations":[{"start":{"line":34,"column":8},"end":{"line":36,"column":9}},{"start":{},"end":{}}],"line":34},"7":{"loc":{"start":{"line":57,"column":34},"end":{"line":57,"column":46}},"type":"default-arg","locations":[{"start":{"line":57,"column":44},"end":{"line":57,"column":46}}],"line":57},"8":{"loc":{"start":{"line":60,"column":8},"end":{"line":62,"column":9}},"type":"if","locations":[{"start":{"line":60,"column":8},"end":{"line":62,"column":9}},{"start":{},"end":{}}],"line":60},"9":{"loc":{"start":{"line":87,"column":8},"end":{"line":89,"column":9}},"type":"if","locations":[{"start":{"line":87,"column":8},"end":{"line":89,"column":9}},{"start":{},"end":{}}],"line":87},"10":{"loc":{"start":{"line":87,"column":12},"end":{"line":87,"column":55}},"type":"binary-expr","locations":[{"start":{"line":87,"column":12},"end":{"line":87,"column":24}},{"start":{"line":87,"column":28},"end":{"line":87,"column":55}}],"line":87},"11":{"loc":{"start":{"line":90,"column":8},"end":{"line":90,"column":52}},"type":"if","locations":[{"start":{"line":90,"column":8},"end":{"line":90,"column":52}},{"start":{},"end":{}}],"line":90},"12":{"loc":{"start":{"line":99,"column":12},"end":{"line":101,"column":13}},"type":"if","locations":[{"start":{"line":99,"column":12},"end":{"line":101,"column":13}},{"start":{},"end":{}}],"line":99},"13":{"loc":{"start":{"line":110,"column":8},"end":{"line":112,"column":9}},"type":"if","locations":[{"start":{"line":110,"column":8},"end":{"line":112,"column":9}},{"start":{},"end":{}}],"line":110}},"s":{"0":7,"1":7,"2":2,"3":2,"4":0,"5":0,"6":2,"7":1,"8":2,"9":2,"10":0,"11":0,"12":0,"13":0,"14":0,"15":0,"16":0,"17":0,"18":0,"19":0,"20":0,"21":0,"22":0,"23":0,"24":0,"25":0,"26":0,"27":0,"28":0,"29":0,"30":0,"31":0,"32":0,"33":0,"34":0,"35":0,"36":0,"37":0,"38":0,"39":0,"40":0,"41":0,"42":0,"43":0,"44":0,"45":0,"46":0,"47":0},"f":{"0":2,"1":0,"2":0,"3":0,"4":0,"5":0,"6":0,"7":0,"8":0,"9":0},"b":{"0":[0,2],"1":[2,1],"2":[1,1],"3":[2,1],"4":[1,1],"5":[0],"6":[0,0],"7":[0],"8":[0,0],"9":[0,0],"10":[0,0],"11":[0,0],"12":[0,0],"13":[0,0]},"_coverageSchema":"1a1c01bbd47fc00a2c39e90264f33305004495a9","hash":"d49fefaffced4625adddf0de90c1d86c8f0151b5"}
,"P:\\Projects\\Aptos\\API\\src\\helpers\\const.js": {"path":"P:\\Projects\\Aptos\\API\\src\\helpers\\const.js","statementMap":{"0":{"start":{"line":1,"column":28},"end":{"line":1,"column":53}}},"fnMap":{},"branchMap":{},"s":{"0":7},"f":{},"b":{},"_coverageSchema":"1a1c01bbd47fc00a2c39e90264f33305004495a9","hash":"16062b7f5c87e0e68beb698e888da974cfd177b7"}
,"P:\\Projects\\Aptos\\API\\src\\helpers\\hex-string.js": {"path":"P:\\Projects\\Aptos\\API\\src\\helpers\\hex-string.js","statementMap":{"0":{"start":{"line":4,"column":16},"end":{"line":4,"column":18}},"1":{"start":{"line":7,"column":8},"end":{"line":11,"column":9}},"2":{"start":{"line":8,"column":12},"end":{"line":8,"column":38}},"3":{"start":{"line":10,"column":12},"end":{"line":10,"column":45}},"4":{"start":{"line":15,"column":8},"end":{"line":15,"column":29}},"5":{"start":{"line":19,"column":8},"end":{"line":19,"column":91}},"6":{"start":{"line":23,"column":8},"end":{"line":23,"column":25}},"7":{"start":{"line":27,"column":8},"end":{"line":27,"column":50}},"8":{"start":{"line":31,"column":8},"end":{"line":31,"column":47}},"9":{"start":{"line":35,"column":0},"end":{"line":35,"column":83}},"10":{"start":{"line":35,"column":33},"end":{"line":35,"column":83}},"11":{"start":{"line":36,"column":0},"end":{"line":36,"column":76}},"12":{"start":{"line":36,"column":34},"end":{"line":36,"column":76}},"13":{"start":{"line":37,"column":0},"end":{"line":37,"column":50}},"14":{"start":{"line":37,"column":23},"end":{"line":37,"column":50}},"15":{"start":{"line":39,"column":22},"end":{"line":39,"column":43}},"16":{"start":{"line":39,"column":27},"end":{"line":39,"column":43}}},"fnMap":{"0":{"name":"(anonymous_0)","decl":{"start":{"line":6,"column":4},"end":{"line":6,"column":5}},"loc":{"start":{"line":6,"column":27},"end":{"line":12,"column":5}},"line":6},"1":{"name":"(anonymous_1)","decl":{"start":{"line":14,"column":4},"end":{"line":14,"column":5}},"loc":{"start":{"line":14,"column":10},"end":{"line":16,"column":5}},"line":14},"2":{"name":"(anonymous_2)","decl":{"start":{"line":18,"column":4},"end":{"line":18,"column":5}},"loc":{"start":{"line":18,"column":15},"end":{"line":20,"column":5}},"line":18},"3":{"name":"(anonymous_3)","decl":{"start":{"line":22,"column":4},"end":{"line":22,"column":5}},"loc":{"start":{"line":22,"column":15},"end":{"line":24,"column":5}},"line":22},"4":{"name":"(anonymous_4)","decl":{"start":{"line":26,"column":4},"end":{"line":26,"column":5}},"loc":{"start":{"line":26,"column":15},"end":{"line":28,"column":5}},"line":26},"5":{"name":"(anonymous_5)","decl":{"start":{"line":30,"column":4},"end":{"line":30,"column":5}},"loc":{"start":{"line":30,"column":19},"end":{"line":32,"column":5}},"line":30},"6":{"name":"(anonymous_6)","decl":{"start":{"line":35,"column":23},"end":{"line":35,"column":24}},"loc":{"start":{"line":35,"column":33},"end":{"line":35,"column":83}},"line":35},"7":{"name":"(anonymous_7)","decl":{"start":{"line":36,"column":27},"end":{"line":36,"column":28}},"loc":{"start":{"line":36,"column":34},"end":{"line":36,"column":76}},"line":36},"8":{"name":"(anonymous_8)","decl":{"start":{"line":37,"column":18},"end":{"line":37,"column":19}},"loc":{"start":{"line":37,"column":23},"end":{"line":37,"column":50}},"line":37},"9":{"name":"(anonymous_9)","decl":{"start":{"line":39,"column":22},"end":{"line":39,"column":23}},"loc":{"start":{"line":39,"column":27},"end":{"line":39,"column":43}},"line":39}},"branchMap":{"0":{"loc":{"start":{"line":7,"column":8},"end":{"line":11,"column":9}},"type":"if","locations":[{"start":{"line":7,"column":8},"end":{"line":11,"column":9}},{"start":{"line":9,"column":15},"end":{"line":11,"column":9}}],"line":7},"1":{"loc":{"start":{"line":19,"column":15},"end":{"line":19,"column":91}},"type":"cond-expr","locations":[{"start":{"line":19,"column":51},"end":{"line":19,"column":74}},{"start":{"line":19,"column":77},"end":{"line":19,"column":91}}],"line":19}},"s":{"0":11,"1":11,"2":3,"3":8,"4":10,"5":1,"6":5,"7":0,"8":0,"9":8,"10":0,"11":8,"12":0,"13":8,"14":0,"15":8,"16":11},"f":{"0":11,"1":10,"2":1,"3":5,"4":0,"5":0,"6":0,"7":0,"8":0,"9":11},"b":{"0":[3,8],"1":[1,0]},"_coverageSchema":"1a1c01bbd47fc00a2c39e90264f33305004495a9","hash":"bb260a1360823f27b1dfe7c2046b93cc4cc15e6d"}
,"P:\\Projects\\Aptos\\API\\src\\helpers\\result.js": {"path":"P:\\Projects\\Aptos\\API\\src\\helpers\\result.js","statementMap":{"0":{"start":{"line":3,"column":8},"end":{"line":3,"column":20}},"1":{"start":{"line":4,"column":8},"end":{"line":4,"column":30}},"2":{"start":{"line":5,"column":8},"end":{"line":9,"column":9}},"3":{"start":{"line":6,"column":12},"end":{"line":6,"column":29}},"4":{"start":{"line":8,"column":12},"end":{"line":8,"column":31}}},"fnMap":{"0":{"name":"(anonymous_0)","decl":{"start":{"line":2,"column":4},"end":{"line":2,"column":5}},"loc":{"start":{"line":2,"column":35},"end":{"line":10,"column":5}},"line":2}},"branchMap":{"0":{"loc":{"start":{"line":5,"column":8},"end":{"line":9,"column":9}},"type":"if","locations":[{"start":{"line":5,"column":8},"end":{"line":9,"column":9}},{"start":{"line":7,"column":15},"end":{"line":9,"column":9}}],"line":5}},"s":{"0":19,"1":19,"2":19,"3":1,"4":18},"f":{"0":19},"b":{"0":[1,18]},"_coverageSchema":"1a1c01bbd47fc00a2c39e90264f33305004495a9","hash":"a247d401f4794acd4335085d5f585dac2300c32a"}
}
