TN:
SF:src\index.js
FNF:0
FNH:0
DA:17,8
DA:19,8
DA:20,8
DA:21,8
DA:22,8
DA:23,8
DA:24,8
DA:25,8
DA:26,8
DA:27,8
DA:28,8
DA:29,8
DA:30,8
LF:13
LH:13
BRF:0
BRH:0
end_of_record
TN:
SF:src\account\index.js
FN:14,(anonymous_0)
FN:26,(anonymous_1)
FN:30,(anonymous_2)
FN:34,(anonymous_3)
FN:44,(anonymous_4)
FN:48,(anonymous_5)
FN:53,(anonymous_6)
FN:58,(anonymous_7)
FN:63,(anonymous_8)
FN:67,(anonymous_9)
FN:71,(anonymous_10)
FN:81,(anonymous_11)
FN:82,(anonymous_12)
FN:83,(anonymous_13)
FN:84,(anonymous_14)
FN:96,(anonymous_15)
FNF:16
FNH:8
FNDA:6,(anonymous_0)
FNDA:3,(anonymous_1)
FNDA:10,(anonymous_2)
FNDA:9,(anonymous_3)
FNDA:3,(anonymous_4)
FNDA:0,(anonymous_5)
FNDA:0,(anonymous_6)
FNDA:0,(anonymous_7)
FNDA:0,(anonymous_8)
FNDA:0,(anonymous_9)
FNDA:3,(anonymous_10)
FNDA:0,(anonymous_11)
FNDA:0,(anonymous_12)
FNDA:0,(anonymous_13)
FNDA:2,(anonymous_14)
FNDA:5,(anonymous_15)
DA:6,9
DA:7,9
DA:10,6
DA:11,6
DA:12,6
DA:15,6
DA:16,1
DA:17,1
DA:19,1
DA:21,5
DA:23,6
DA:27,3
DA:31,10
DA:35,9
DA:36,6
DA:37,6
DA:38,6
DA:39,6
DA:41,9
DA:45,3
DA:49,0
DA:50,0
DA:54,0
DA:55,0
DA:59,0
DA:60,0
DA:64,0
DA:68,0
DA:72,3
DA:81,9
DA:82,9
DA:83,9
DA:84,9
DA:85,2
DA:86,0
DA:87,2
DA:88,1
DA:89,1
DA:90,1
DA:92,0
DA:96,9
LF:41
LH:31
BRDA:15,0,0,1
BRDA:15,0,1,5
BRDA:16,1,0,1
BRDA:16,1,1,0
BRDA:23,2,0,6
BRDA:23,2,1,6
BRDA:35,3,0,6
BRDA:35,3,1,3
BRDA:58,4,0,0
BRDA:85,5,0,0
BRDA:85,5,1,2
BRDA:87,6,0,1
BRDA:87,6,1,1
BRDA:89,7,0,1
BRDA:89,7,1,0
BRDA:89,8,0,1
BRDA:89,8,1,1
BRF:17
BRH:13
end_of_record
TN:
SF:src\api\faucet.js
FN:6,(anonymous_0)
FN:11,(anonymous_1)
FNF:2
FNH:0
FNDA:0,(anonymous_0)
FNDA:0,(anonymous_1)
DA:7,0
DA:8,0
DA:12,0
DA:13,0
DA:14,0
DA:16,0
DA:17,0
DA:20,0
DA:21,0
DA:23,0
DA:24,0
DA:27,0
DA:29,0
LF:13
LH:0
BRDA:16,0,0,0
BRDA:16,0,1,0
BRDA:17,1,0,0
BRDA:17,1,1,0
BRF:4
BRH:0
end_of_record
TN:
SF:src\api\index.js
FN:13,(anonymous_0)
FN:18,(anonymous_1)
FN:22,(anonymous_2)
FN:45,(anonymous_3)
FN:49,(anonymous_4)
FN:50,(anonymous_5)
FN:55,(anonymous_6)
FN:63,(anonymous_7)
FN:68,(anonymous_8)
FN:70,(anonymous_9)
FNF:10
FNH:6
FNDA:6,(anonymous_0)
FNDA:4,(anonymous_1)
FNDA:13,(anonymous_2)
FNDA:0,(anonymous_3)
FNDA:0,(anonymous_4)
FNDA:0,(anonymous_5)
FNDA:0,(anonymous_6)
FNDA:1,(anonymous_7)
FNDA:8,(anonymous_8)
FNDA:1,(anonymous_9)
DA:6,6
DA:11,6
DA:14,6
DA:15,6
DA:19,4
DA:23,13
DA:25,13
DA:26,5
DA:27,6
DA:29,5
DA:32,13
DA:34,13
DA:35,13
DA:36,13
DA:38,13
DA:39,1
DA:42,12
DA:46,0
DA:50,0
DA:51,0
DA:56,0
DA:57,0
DA:58,0
DA:60,0
DA:64,1
DA:68,8
DA:70,8
LF:27
LH:20
BRDA:13,0,0,0
BRDA:13,1,0,6
BRDA:19,2,0,3
BRDA:19,2,1,1
BRDA:22,3,0,1
BRDA:22,4,0,7
BRDA:22,5,0,13
BRDA:22,6,0,13
BRDA:25,7,0,5
BRDA:25,7,1,8
BRDA:25,8,0,13
BRDA:25,8,1,6
BRDA:27,9,0,2
BRDA:27,9,1,4
BRDA:32,10,0,13
BRDA:32,10,1,0
BRDA:36,11,0,13
BRDA:36,11,1,0
BRDA:38,12,0,1
BRDA:38,12,1,12
BRDA:39,13,0,1
BRDA:39,13,1,0
BRDA:42,14,0,0
BRDA:42,14,1,12
BRDA:42,15,0,12
BRDA:42,15,1,0
BRDA:57,16,0,0
BRDA:57,16,1,0
BRF:28
BRH:20
end_of_record
TN:
SF:src\api\ext\account.js
FN:11,(anonymous_0)
FN:20,(anonymous_1)
FN:30,(anonymous_2)
FN:39,(anonymous_3)
FN:49,(anonymous_4)
FN:59,(anonymous_5)
FN:69,(anonymous_6)
FN:87,(anonymous_7)
FN:104,(anonymous_8)
FN:123,(anonymous_9)
FNF:10
FNH:4
FNDA:2,(anonymous_0)
FNDA:1,(anonymous_1)
FNDA:1,(anonymous_2)
FNDA:0,(anonymous_3)
FNDA:0,(anonymous_4)
FNDA:0,(anonymous_5)
FNDA:0,(anonymous_6)
FNDA:1,(anonymous_7)
FNDA:0,(anonymous_8)
FNDA:0,(anonymous_9)
DA:5,8
DA:12,2
DA:21,1
DA:31,1
DA:40,0
DA:50,0
DA:60,0
DA:70,0
DA:72,0
DA:73,0
DA:76,0
DA:78,0
DA:88,1
DA:89,1
DA:90,0
DA:92,1
DA:105,0
DA:114,0
DA:124,0
DA:133,0
LF:20
LH:7
BRDA:11,0,0,2
BRDA:20,1,0,1
BRDA:30,2,0,0
BRDA:39,3,0,0
BRDA:49,4,0,0
BRDA:59,5,0,0
BRDA:69,6,0,0
BRDA:72,7,0,0
BRDA:72,7,1,0
BRDA:87,8,0,1
BRDA:87,9,0,1
BRDA:89,10,0,0
BRDA:89,10,1,1
BRF:13
BRH:5
end_of_record
TN:
SF:src\api\ext\coins.js
FN:12,(anonymous_0)
FN:25,(anonymous_1)
FN:41,(anonymous_2)
FN:52,(anonymous_3)
FN:76,(anonymous_4)
FN:90,(anonymous_5)
FN:100,(anonymous_6)
FN:108,(anonymous_7)
FN:116,(anonymous_8)
FNF:9
FNH:0
FNDA:0,(anonymous_0)
FNDA:0,(anonymous_1)
FNDA:0,(anonymous_2)
FNDA:0,(anonymous_3)
FNDA:0,(anonymous_4)
FNDA:0,(anonymous_5)
FNDA:0,(anonymous_6)
FNDA:0,(anonymous_7)
FNDA:0,(anonymous_8)
DA:4,8
DA:13,0
DA:26,0
DA:38,0
DA:42,0
DA:49,0
DA:53,0
DA:55,0
DA:56,0
DA:59,0
DA:60,0
DA:63,0
DA:65,0
DA:66,0
DA:69,0
DA:70,0
DA:73,0
DA:77,0
DA:87,0
DA:91,0
DA:97,0
DA:101,0
DA:109,0
LF:23
LH:1
BRDA:25,0,0,0
BRDA:52,1,0,0
BRDA:55,2,0,0
BRDA:55,2,1,0
BRDA:59,3,0,0
BRDA:59,3,1,0
BRDA:65,4,0,0
BRDA:65,4,1,0
BRDA:69,5,0,0
BRDA:69,5,1,0
BRDA:90,6,0,0
BRDA:90,7,0,0
BRF:12
BRH:0
end_of_record
TN:
SF:src\api\ext\events.js
FN:2,(anonymous_0)
FN:6,(anonymous_1)
FNF:2
FNH:0
FNDA:0,(anonymous_0)
FNDA:0,(anonymous_1)
DA:1,8
DA:3,0
DA:7,0
LF:3
LH:1
BRDA:2,0,0,0
BRDA:6,1,0,0
BRF:2
BRH:0
end_of_record
TN:
SF:src\api\ext\gas.js
FN:2,(anonymous_0)
FN:10,(anonymous_1)
FNF:2
FNH:0
FNDA:0,(anonymous_0)
FNDA:0,(anonymous_1)
DA:1,8
DA:3,0
DA:4,0
DA:5,0
DA:11,0
LF:5
LH:1
BRDA:4,0,0,0
BRDA:4,0,1,0
BRF:2
BRH:0
end_of_record
TN:
SF:src\api\ext\modules.js
FN:4,(anonymous_0)
FNF:1
FNH:0
FNDA:0,(anonymous_0)
DA:3,8
DA:5,0
DA:12,0
LF:3
LH:1
BRF:0
BRH:0
end_of_record
TN:
SF:src\api\ext\node.js
FN:4,(anonymous_0)
FN:8,(anonymous_1)
FN:12,(anonymous_2)
FN:20,(anonymous_3)
FN:28,(anonymous_4)
FN:36,(anonymous_5)
FNF:6
FNH:5
FNDA:0,(anonymous_0)
FNDA:5,(anonymous_1)
FNDA:1,(anonymous_2)
FNDA:1,(anonymous_3)
FNDA:1,(anonymous_4)
FNDA:1,(anonymous_5)
DA:3,8
DA:5,0
DA:9,5
DA:13,1
DA:14,1
DA:15,0
DA:17,1
DA:21,1
DA:22,1
DA:23,0
DA:25,1
DA:29,1
DA:30,1
DA:31,0
DA:33,1
DA:37,1
DA:38,1
DA:39,0
DA:41,1
LF:19
LH:14
BRDA:14,0,0,0
BRDA:14,0,1,1
BRDA:22,1,0,0
BRDA:22,1,1,1
BRDA:30,2,0,0
BRDA:30,2,1,1
BRDA:38,3,0,0
BRDA:38,3,1,1
BRF:8
BRH:4
end_of_record
TN:
SF:src\api\ext\table.js
FN:2,(anonymous_0)
FNF:1
FNH:0
FNDA:0,(anonymous_0)
DA:1,8
DA:3,0
LF:2
LH:1
BRDA:2,0,0,0
BRDA:2,1,0,0
BRF:2
BRH:0
end_of_record
TN:
SF:src\api\ext\tokens.js
FN:15,(anonymous_0)
FN:37,(anonymous_1)
FN:70,(anonymous_2)
FN:93,(anonymous_3)
FN:112,(anonymous_4)
FN:129,(anonymous_5)
FN:145,(anonymous_6)
FN:160,(anonymous_7)
FN:161,(anonymous_8)
FNF:9
FNH:0
FNDA:0,(anonymous_0)
FNDA:0,(anonymous_1)
FNDA:0,(anonymous_2)
FNDA:0,(anonymous_3)
FNDA:0,(anonymous_4)
FNDA:0,(anonymous_5)
FNDA:0,(anonymous_6)
FNDA:0,(anonymous_7)
FNDA:0,(anonymous_8)
DA:5,8
DA:16,0
DA:29,0
DA:38,0
DA:39,0
DA:40,0
DA:42,0
DA:44,0
DA:45,0
DA:56,0
DA:71,0
DA:84,0
DA:85,0
DA:88,0
DA:90,0
DA:94,0
DA:95,0
DA:96,0
DA:98,0
DA:103,0
DA:104,0
DA:113,0
DA:126,0
DA:130,0
DA:142,0
DA:146,0
DA:157,0
LF:27
LH:1
BRDA:15,0,0,0
BRDA:39,1,0,0
BRDA:39,1,1,0
BRDA:50,2,0,0
BRDA:50,2,1,0
BRDA:70,3,0,0
BRDA:73,4,0,0
BRDA:73,4,1,0
BRDA:84,5,0,0
BRDA:84,5,1,0
BRDA:93,6,0,0
BRDA:95,7,0,0
BRDA:95,7,1,0
BRDA:103,8,0,0
BRDA:103,8,1,0
BRF:15
BRH:0
end_of_record
TN:
SF:src\api\ext\transactions.js
FN:11,(anonymous_0)
FN:15,(anonymous_1)
FN:19,(anonymous_2)
FN:23,(anonymous_3)
FN:27,(anonymous_4)
FN:47,(anonymous_5)
FN:55,(anonymous_6)
FN:75,(anonymous_7)
FN:83,(anonymous_8)
FN:91,(anonymous_9)
FN:114,(anonymous_10)
FN:122,(anonymous_11)
FN:133,(anonymous_12)
FN:137,(anonymous_13)
FNF:14
FNH:1
FNDA:2,(anonymous_0)
FNDA:0,(anonymous_1)
FNDA:0,(anonymous_2)
FNDA:0,(anonymous_3)
FNDA:0,(anonymous_4)
FNDA:0,(anonymous_5)
FNDA:0,(anonymous_6)
FNDA:0,(anonymous_7)
FNDA:0,(anonymous_8)
FNDA:0,(anonymous_9)
FNDA:0,(anonymous_10)
FNDA:0,(anonymous_11)
FNDA:0,(anonymous_12)
FNDA:0,(anonymous_13)
DA:6,8
DA:8,8
DA:12,2
DA:16,0
DA:20,0
DA:24,0
DA:28,0
DA:30,0
DA:32,0
DA:33,0
DA:36,0
DA:48,0
DA:56,0
DA:58,0
DA:59,0
DA:62,0
DA:63,0
DA:64,0
DA:66,0
DA:72,0
DA:76,0
DA:84,0
DA:92,0
DA:93,0
DA:95,0
DA:96,0
DA:97,0
DA:99,0
DA:101,0
DA:102,0
DA:105,0
DA:106,0
DA:107,0
DA:108,0
DA:110,0
DA:115,0
DA:116,0
DA:117,0
DA:119,0
DA:123,0
DA:124,0
DA:125,0
DA:126,0
DA:127,0
DA:128,0
DA:134,0
DA:138,0
DA:139,0
LF:48
LH:3
BRDA:11,0,0,1
BRDA:15,1,0,0
BRDA:27,2,0,0
BRDA:32,3,0,0
BRDA:32,3,1,0
BRDA:55,4,0,0
BRDA:58,5,0,0
BRDA:58,5,1,0
BRDA:93,6,0,0
BRDA:93,6,1,0
BRDA:96,7,0,0
BRDA:96,7,1,0
BRDA:101,8,0,0
BRDA:101,8,1,0
BRDA:116,9,0,0
BRDA:116,9,1,0
BRDA:116,10,0,0
BRDA:116,10,1,0
BRDA:127,11,0,0
BRDA:127,11,1,0
BRF:20
BRH:1
end_of_record
TN:
SF:src\helpers\const.js
FNF:0
FNH:0
DA:1,8
DA:3,8
DA:4,8
DA:5,8
DA:6,8
DA:8,8
DA:9,8
DA:10,8
DA:12,8
DA:13,8
LF:10
LH:10
BRF:0
BRH:0
end_of_record
TN:
SF:src\helpers\debug.js
FN:1,(anonymous_0)
FNF:1
FNH:0
FNDA:0,(anonymous_0)
DA:1,8
DA:2,0
LF:2
LH:1
BRDA:2,0,0,0
BRDA:2,0,1,0
BRDA:2,1,0,0
BRDA:2,1,1,0
BRF:4
BRH:0
end_of_record
TN:
SF:src\helpers\hex-string.js
FN:6,(anonymous_0)
FN:14,(anonymous_1)
FN:18,(anonymous_2)
FN:22,(anonymous_3)
FN:26,(anonymous_4)
FN:30,(anonymous_5)
FN:35,(anonymous_6)
FN:36,(anonymous_7)
FN:37,(anonymous_8)
FN:39,(anonymous_9)
FNF:10
FNH:5
FNDA:12,(anonymous_0)
FNDA:11,(anonymous_1)
FNDA:1,(anonymous_2)
FNDA:5,(anonymous_3)
FNDA:0,(anonymous_4)
FNDA:0,(anonymous_5)
FNDA:0,(anonymous_6)
FNDA:0,(anonymous_7)
FNDA:0,(anonymous_8)
FNDA:12,(anonymous_9)
DA:4,12
DA:7,12
DA:8,3
DA:10,9
DA:15,11
DA:19,1
DA:23,5
DA:27,0
DA:31,0
DA:35,9
DA:36,9
DA:37,9
DA:39,12
LF:13
LH:11
BRDA:7,0,0,3
BRDA:7,0,1,9
BRDA:19,1,0,1
BRDA:19,1,1,0
BRF:4
BRH:3
end_of_record
TN:
SF:src\helpers\result.js
FN:2,(anonymous_0)
FNF:1
FNH:1
FNDA:18,(anonymous_0)
DA:3,18
DA:4,18
DA:5,1
DA:6,1
DA:8,17
DA:9,0
DA:11,17
LF:7
LH:6
BRDA:4,0,0,1
BRDA:4,0,1,17
BRDA:8,1,0,0
BRDA:8,1,1,17
BRF:4
BRH:3
end_of_record
